<?xml version="1.0" encoding="UTF-8"?>
<!-- Generated by org.testng.reporters.JUnitReportReporter -->
<testsuite hostname="LAPTOP-UJ8D7LCH" failures="0" tests="1" name="com.mindtree.Runner.BookRunner" time="151.962" errors="0" timestamp="2021-11-10T11:47:37 IST" skipped="0">
  <testcase classname="com.mindtree.Runner.BookRunner" name="runScenario" time="151.962"/>
</testsuite> <!-- com.mindtree.Runner.BookRunner -->
